Received on Thu Apr 19 21:50:30 2018
NOC
Received on Thu Apr 19 21:50:30 2018
AL
Received on Thu Apr 19 21:50:30 2018
L
Received on Thu Apr 19 21:50:30 2018
>A
Received on Thu Apr 19 21:50:30 2018
P
Received on Thu Apr 19 21:50:30 2018
TT
Received on Thu Apr 19 21:50:30 2018
4
Received on Thu Apr 19 21:50:30 2018
,W
Received on Thu Apr 19 21:50:30 2018
IDE
Received on Thu Apr 19 21:50:30 2018
1-
Received on Thu Apr 19 21:50:30 2018
1
Received on Thu Apr 19 21:50:30 2018
,W
Received on Thu Apr 19 21:50:30 2018
I
Received on Thu Apr 19 21:50:30 2018
DE
Received on Thu Apr 19 21:50:30 2018
2-1
Received on Thu Apr 19 21:50:30 2018
:
Received on Thu Apr 19 21:50:30 2018


Received on Thu Apr 19 21:50:30 2018
21
Received on Thu Apr 19 21:50:30 2018
:
Received on Thu Apr 19 21:50:30 2018
49
Received on Thu Apr 19 21:50:30 2018
:
Received on Thu Apr 19 21:50:30 2018
33
Received on Thu Apr 19 21:50:30 2018
bea
Received on Thu Apr 19 21:50:30 2018
co
Received on Thu Apr 19 21:50:30 2018
n
Received on Thu Apr 19 21:50:30 2018
 p
Received on Thu Apr 19 21:50:30 2018
u
Received on Thu Apr 19 21:50:30 2018
ls
Received on Thu Apr 19 21:50:30 2018
e %
Received on Thu Apr 19 21:50:30 2018
s 
Received on Thu Apr 19 21:50:30 2018
 
Received on Thu Apr 19 21:50:30 2018


Received on Thu Apr 19 21:50:35 2018
N
Received on Thu Apr 19 21:50:35 2018
O
Received on Thu Apr 19 21:50:35 2018
CA
Received on Thu Apr 19 21:50:35 2018
LL>
Received on Thu Apr 19 21:50:35 2018
AP
Received on Thu Apr 19 21:50:35 2018
T
Received on Thu Apr 19 21:50:35 2018
T4
Received on Thu Apr 19 21:50:35 2018
,
Received on Thu Apr 19 21:50:35 2018
WI
Received on Thu Apr 19 21:50:35 2018
D
Received on Thu Apr 19 21:50:35 2018
E1
Received on Thu Apr 19 21:50:35 2018
-1,
Received on Thu Apr 19 21:50:35 2018
WIDE2-1:
2
Received on Thu Apr 19 21:50:35 2018
1:4
Received on Thu Apr 19 21:50:35 2018
9:
Received on Thu Apr 19 21:50:35 2018
33b
Received on Thu Apr 19 21:50:35 2018
ea
Received on Thu Apr 19 21:50:35 2018
c
Received on Thu Apr 19 21:50:35 2018
on
Received on Thu Apr 19 21:50:35 2018
 
Received on Thu Apr 19 21:50:35 2018
pu
Received on Thu Apr 19 21:50:35 2018
lse
Received on Thu Apr 19 21:50:35 2018
 %s
Received on Thu Apr 19 21:50:35 2018
  
Received on Thu Apr 19 21:50:35 2018

Received on Thu Apr 19 21:50:35 2018


Received on Thu Apr 19 21:50:40 2018
N
Received on Thu Apr 19 21:50:40 2018
O
Received on Thu Apr 19 21:50:40 2018
CA
Received on Thu Apr 19 21:50:40 2018
LL>
Received on Thu Apr 19 21:50:40 2018
AP
Received on Thu Apr 19 21:50:40 2018
T
Received on Thu Apr 19 21:50:40 2018
T4
Received on Thu Apr 19 21:50:40 2018
,
Received on Thu Apr 19 21:50:40 2018
WI
Received on Thu Apr 19 21:50:40 2018
D
Received on Thu Apr 19 21:50:40 2018
E1
Received on Thu Apr 19 21:50:40 2018
-1,
Received on Thu Apr 19 21:50:40 2018
WI
Received on Thu Apr 19 21:50:40 2018
D
Received on Thu Apr 19 21:50:40 2018
E2
Received on Thu Apr 19 21:50:40 2018
-
Received on Thu Apr 19 21:50:40 2018
1:
Received on Thu Apr 19 21:50:40 2018

2
Received on Thu Apr 19 21:50:40 2018
1:
Received on Thu Apr 19 21:50:40 2018
4
Received on Thu Apr 19 21:50:40 2018
9:3
Received on Thu Apr 19 21:50:40 2018
3b
Received on Thu Apr 19 21:50:40 2018
e
Received on Thu Apr 19 21:50:40 2018
ac
Received on Thu Apr 19 21:50:40 2018
on 
Received on Thu Apr 19 21:50:40 2018
pu
Received on Thu Apr 19 21:50:40 2018
l
Received on Thu Apr 19 21:50:40 2018
se
Received on Thu Apr 19 21:50:40 2018
 
Received on Thu Apr 19 21:50:40 2018
%s
Received on Thu Apr 19 21:50:40 2018
  
Received on Thu Apr 19 21:50:40 2018


Received on Thu Apr 19 21:50:45 2018
N
Received on Thu Apr 19 21:50:45 2018
OCA
Received on Thu Apr 19 21:50:45 2018
LL
Received on Thu Apr 19 21:50:45 2018
>
Received on Thu Apr 19 21:50:45 2018
AP
Received on Thu Apr 19 21:50:45 2018
T
Received on Thu Apr 19 21:50:45 2018
T4
Received on Thu Apr 19 21:50:45 2018
,WI
Received on Thu Apr 19 21:50:45 2018
DE
Received on Thu Apr 19 21:50:45 2018
1
Received on Thu Apr 19 21:50:45 2018
-1
Received on Thu Apr 19 21:50:45 2018
,
Received on Thu Apr 19 21Received on Thu Apr 19 21:48:15 2018
NO
Sent on Thu Apr 19 21:48:15 2018
heartbeat response %s 
21:40:37
Received on Thu Apr 19 21:48:17 2018
CALL>APTT4,WIDE1-1,WIDE2-1:
19:36:22beacon pulse %s  

Sent on Thu Apr 19 21:48:17 2018
heartbeat response %s 
21:40:37
Received on Thu Apr 19 21:48:23 2018
NO
Sent on Thu Apr 19 21:48:23 2018
heartbeat response %s 
21:40:37
Received on Thu Apr 19 21:48:25 2018
CALL>APTT4,WIDE1-1,WIDE2-1:
19:36:22beacon pulse %s  

Sent on Thu Apr 19 21:48:25 2018
heartbeat response %s 
21:40:37
Received on Thu Apr 19 21:48:31 2018
NO
Sent on Thu Apr 19 21:48:31 2018
heartbeat response %s 
21:40:37
Received on Thu Apr 19 21:48:33 2018
CALL>APTT4,WIDE1-1,WIDE2-1:
19:36:22beacon pulse %s  

Sent on Thu Apr 19 21:48:33 2018
heartbeat response %s 
21:40:37
Received on Thu Apr 19 21:48:39 2018
NOC
Sent on Thu Apr 19 21:48:39 2018
heartbeat response %s 
21:40:37
Received on Thu Apr 19 21:48:41 2018
ALL>APTT4,WIDE1-1,WIDE2-1:
19:36:22beacon pulse %s  

Sent on Thu Apr 19 21:48:41 2018
heartbeat response %s 
21:40:37
Received on Thu Apr 19 21:48:47 2018
NO
Sent on Thu Apr 19 21:48:47 2018
heartbeat response %s 
21:40:37
Received on Thu Apr 19 21:48:49 2018
CALL>APTT4,WIDE1-1,WIDE2-1:
19:36:22beacon pulse %s  

Sent on Thu Apr 19 21:48:49 2018
heartbeat response %s 
21:40:37
Received on Thu Apr 19 21:49:03 2018
N
Sent on Thu Apr 19 21:49:03 2018
heartbeat response %s 
21:40:37
Received on Thu Apr 19 21:49:05 2018
OCALL>APTT4,WIDE1-1,WIDE2-1:
19:36:22beacon pulse %s  

Sent on Thu Apr 19 21:49:05 2018
heartbeat response %s 
21:40:37
Received on Thu Apr 19 21:49:11 2018
NO
Sent on Thu Apr 19 21:49:11 2018
heartbeat response %s 
21:40:37
Received on Thu Apr 19 21:49:13 2018
CALL>APTT4,WIDE1-1,WIDE2-1:
19:36:22beacon pulse %s  

Sent on Thu Apr 19 21:49:13 2018
heartbeat response %s 
21:40:37
Received on Thu Apr 19 21:49:19 2018
NO
Sent on Thu Apr 19 21:49:19 2018
heartbeat response %s 
21:40:37
Received on Thu Apr 19 21:49:21 2018
CALL>APTT4,WIDE1-1,WIDE2-1:
19:36:22beacon pulse %s  

Sent on Thu Apr 19 21:49:21 2018
heartbeat response %s 
21:40:37
Received on Thu Apr 19 21:49:27 2018
NO
Sent on Thu Apr 19 21:49:27 2018
heartbeat response %s 
21:40:37
Received on Thu Apr 19 21:49:29 2018
CALL>APTT4,WIDE1-1,WIDE2-1:
19:36:22beacon pulse %s  

Sent on Thu Apr 19 21:49:29 2018
heartbeat response %s 
21:40:37
Received on Thu Apr 19 21:49:35 2018
NOC
Sent on Thu Apr 19 21:49:35 2018
heartbeat response %s 
21:40:37
Received on Thu Apr 19 21:49:37 2018
ALL>APTT4,WIDE1-1,WIDE2-1:
19:36:22beacon pulse %s  

Sent on Thu Apr 19 21:49:37 2018
heartbeat response %s 
21:40:37
Received on Thu Apr 19 21:49:51 2018
NO
Sent on Thu Apr 19 21:49:51 2018
heartbeat response %s 
21:40:37
Received on Thu Apr 19 21:49:53 2018
CALL>APTT4,WIDE1-1,WIDE2-1:
19:36:22beacon pulse %s  

Sent on Thu Apr 19 21:49:53 2018
heartbeat response %s 
21:40:37
Received on Thu Apr 19 21:49:59 2018
NO
Sent on Thu Apr 19 21:49:59 2018
heartbeat response %s 
21:40:37
Received on Thu Apr 19 21:50:01 2018
CALL>APTT4,WIDE1-1,WIDE2-1:
19:36:22beacon pulse %s  

Sent on Thu Apr 19 21:50:01 2018
heartbeat response %s 
21:40:37
Received on Thu Apr 19 21:50:07 2018
N
Sent on Thu Apr 19 21:50:07 2018
heartbeat response %s 
21:40:37
Received on Thu Apr 19 21:50:09 2018
OCALL>APTT4,WIDE1-1,WIDE2-1:
19:36:22beacon pulse %s  

Sent on Thu Apr 19 21:50:09 2018
heartbeat response %s 
21:40:37
Received on Thu Apr 19 21:50:15 2018
N
Sent on Thu Apr 19 21:50:15 2018
heartbeat response %s 
21:40:37
Received on Thu Apr 19 21:50:17 2018
OCALL>APTT4,WIDE1-1,WIDE2-1:
19:36:22beacon pulse %s  

Sent on Thu Apr 19 21:50:17 2018
heartbeat response %s 
21:40:37
Received on Thu Apr 19 21:50:23 2018
NO
Sent on Thu Apr 19 21:50:23 2018
heartbeat response %s 
21:40:37
Received on Thu Apr 19 21:50:25 2018
CALL>APTT4,WIDE1-1,WIDE2-1:
19:36:22beacon pulse %s  

Sent on Thu Apr 19 21:50:25 2018
heartbeat response %s 
21:40:37
Received on Thu Apr 19 21:50:31 2018
N
Sent on Thu Apr 19 21:50:31 2018
heartbeat response %s 
21:40:37
Received on Thu Apr 19 21:50:33 2018
OCALL>APTT4,WIDE1-1,WIDE2-1:
19:36:22beacon pulse %s  

Sent on Thu Apr 19 21:50:33 2018
heartbeat response %s 
21:40:37
Received on Thu Apr 19 21:50:39 2018
N
Sent on Thu Apr 19 21:50:39 2018
heartbeat response %s 
21:40:37
Received on Thu Apr 19 21:50:41 2018
OCALL>APTT4,WIDE1-1,WIDE2-1:
19:36:22beacon pulse %s  

Sent on Thu Apr 19 21:50:41 2018
heartbeat response %s 
21:40:37
Received on Thu Apr 19 21:50:47 2018
NO
Sent on Thu Apr 19 21:50:47 2018
heartbeat response %s 
21:40:37
Received on Thu Apr 19 21:50:49 2018
CALL>APTT4,WIDE1-1,WIDE2-1:
19:36:22beacon pulse %s  

Sent on Thu Apr 19 21:50:49 2018
heartbeat response %s 
21:40:37
Received on Thu Apr 19 21:51:03 2018
NOC
Sent on Thu Apr 19 21:51:03 2018
heartbeat response %s 
21:40:37
Received on Thu Apr 19 21:51:05 2018
ALL>APTT4,WIDE1-1,WIDE2-1:
19:36:22beacon pulse %s  

Sent on Thu Apr 19 21:51:05 2018
heartbeat response %s 
21:40:37
Received on Thu Apr 19 21:51:11 2018
NO
Sent on Thu Apr 19 21:51:11 2018
heartbeat response %s 
21:40:37
Received on Thu Apr 19 21:51:13 2018
CALL>APTT4,WIDE1-1,WIDE2-1:
19:36:22beacon pulse %s  

Sent on Thu Apr 19 21:51:13 2018
heartbeat response %s 
21:40:37
Received on Thu Apr 19 21:51:19 2018
NO
Sent on Thu Apr 19 21:51:19 2018
heartbeat response %s 
21:40:37
Received on Thu Apr 19 21:51:21 2018
CALL>APTT4,WIDE1-1,WIDE2-1:
19:36:22beacon pulse %s  

Sent on Thu Apr 19 21:51:21 2018
heartbeat response %s 
21:40:37
Received on Thu Apr 19 21:51:27 2018
NO
Sent on Thu Apr 19 21:51:27 2018
heartbeat response %s 
21:40:37
Received on Thu Apr 19 21:51:29 2018
CALL>APTT4,WIDE1-1,WIDE2-1:
19:36:22beacon pulse %s  

Sent on Thu Apr 19 21:51:29 2018
heartbeat response %s 
21:40:37
Received on Thu Apr 19 21:51:35 2018
NO
Sent on Thu Apr 19 21:51:35 2018
heartbeat response %s 
21:40:37
Received on Thu Apr 19 21:51:37 2018
CALL>APTT4,WIDE1-1,WIDE2-1:
19:36:22beacon pulse %s  

Sent on Thu Apr 19 21:51:37 2018
heartbeat response %s 
21:40:37
Received on Thu Apr 19 21:51:43 2018
N
Sent on Thu Apr 19 21:51:43 2018
heartbeat response %s 
21:40:37
Received on Thu Apr 19 21:51:45 2018
OCALL>APTT4,WIDE1-1,WIDE2-1:
19:36:22beacon pulse %s  

Sent on Thu Apr 19 21:51:45 2018
heartbeat response %s 
21:40:37
Received on Thu Apr 19 21:51:51 2018
NO
Sent on Thu Apr 19 21:51:51 2018
heartbeat response %s 
21:40:37
Received on Thu Apr 19 21:51:53 2018
CALL>APTT4,WIDE1-1,WIDE2-1:
19:36:22beacon pulse %s  

Sent on Thu Apr 19 21:51:53 2018
heartbeat response %s 
21:40:37
Received on Thu Apr 19 21:51:59 2018
NOC
Sent on Thu Apr 19 21:51:59 2018
heartbeat response %s 
21:40:37
Received on Thu Apr 19 21:52:01 2018
ALL>APTT4,WIDE1-1,WIDE2-1:
19:36:22beacon pulse %s  

Sent on Thu Apr 19 21:52:01 2018
heartbeat response %s 
21:40:37
Received on Thu Apr 19 21:52:07 2018
NO
Sent on Thu Apr 19 21:52:07 2018
heartbeat response %s 
21:40:37
Received on Thu Apr 19 21:52:09 2018
CALL>APTT4,WIDE1-1,WIDE2-1:
19:36:22beacon pulse %s  

Sent on Thu Apr 19 21:52:09 2018
heartbeat response %s 
21:40:37
Received on Thu Apr 19 21:52:15 2018
NO
Sent on Thu Apr 19 21:52:15 2018
heartbeat response %s 
21:40:37
Received on Thu Apr 19 21:52:17 2018
CALL>APTT4,WIDE1-1,WIDE2-1:
19:36:22beacon pulse %s  

Sent on Thu Apr 19 21:52:17 2018
heartbeat response %s 
21:40:37
Received on Thu Apr 19 21:52:23 2018
NOC
Sent on Thu Apr 19 21:52:23 2018
heartbeat response %s 
21:40:37
Received on Thu Apr 19 21:52:25 2018
ALL>APTT4,WIDE1-1,WIDE2-1:
19:36:22beacon pulse %s  

Sent on Thu Apr 19 21:52:25 2018
heartbeat response %s 
21:40:37
Received on Thu Apr 19 21:52:31 2018
NO
Sent on Thu Apr 19 21:52:31 2018
heartbeat response %s 
21:40:37
Received on Thu Apr 19 21:52:33 2018
CALL>APTT4,WIDE1-1,WIDE2-1:
19:36:22beacon pulse %s  

Sent on Thu Apr 19 21:52:33 2018
heartbeat response %s 
21:40:37
Received on Thu Apr 19 21:52:39 2018
NOC
Sent on Thu Apr 19 21:52:39 2018
heartbeat response %s 
21:40:37
Received on Thu Apr 19 21:52:41 2018
ALL>APTT4,WIDE1-1,WIDE2-1:
19:36:22beacon pulse %s  

Sent on Thu Apr 19 21:52:41 2018
heartbeat response %s 
21:40:37
Received